<?xml version="1.0" encoding="UTF-8"?>
<testng-results skipped="0" failed="0" ignored="0" total="1" passed="1">
  <reporter-output>
  </reporter-output>
  <suite name="Default suite" duration-ms="81" started-at="2020-05-19T13:42:49 EDT" finished-at="2020-05-19T13:42:49 EDT">
    <groups>
    </groups>
    <test name="Default test" duration-ms="81" started-at="2020-05-19T13:42:49 EDT" finished-at="2020-05-19T13:42:49 EDT">
      <class name="com.syntax.test.TestNGTest">
        <test-method status="PASS" signature="hello()[pri:0, instance:com.syntax.test.TestNGTest@3cef309d]" name="hello" duration-ms="12" started-at="2020-05-19T13:42:49 EDT" finished-at="2020-05-19T13:42:49 EDT">
          <reporter-output>
          </reporter-output>
        </test-method> <!-- hello -->
      </class> <!-- com.syntax.test.TestNGTest -->
    </test> <!-- Default test -->
  </suite> <!-- Default suite -->
</testng-results>
